<?xml version="1.0" encoding="UTF-8"?>
<!-- Generated by org.testng.reporters.JUnitXMLReporter -->
<testsuite ignored="0" hostname="DESKTOP-09FB4NU" failures="3" tests="3" name="PruebaFirefox" time="17.971" errors="0" timestamp="06 nov. 2023 20:34:40 GMT">
  <testcase classname="Test_BonusTrack5b" name="@AfterTest setDown" time="0.017">
    <failure type="org.openqa.selenium.NoSuchSessionException" message="Tried to run command without establishing a connection
Build info: version: &amp;apos;4.14.0&amp;apos;, revision: &amp;apos;e5a96349ce&amp;apos;
System info: os.name: &amp;apos;Windows 10&amp;apos;, os.arch: &amp;apos;amd64&amp;apos;, os.version: &amp;apos;10.0&amp;apos;, java.version: &amp;apos;17.0.8.1&amp;apos;
Driver info: org.openqa.selenium.firefox.FirefoxDriver
Command: [c99a185f-93c2-49fc-b9d6-c1815b99bbd6, close {}]
Capabilities {acceptInsecureCerts: true, browserName: firefox, browserVersion: 119.0, moz:accessibilityChecks: false, moz:buildID: 20231019122658, moz:debuggerAddress: 127.0.0.1:17196, moz:geckodriverVersion: 0.33.0, moz:headless: false, moz:platformVersion: 10.0, moz:processID: 7868, moz:profile: C:\Users\kprec\AppData\Loca..., moz:shutdownTimeout: 60000, moz:webdriverClick: true, moz:windowless: false, pageLoadStrategy: normal, platformName: windows, proxy: Proxy(), se:cdp: ws://127.0.0.1:17196/devtoo..., se:cdpVersion: 85.0, setWindowRect: true, strictFileInteractability: false, timeouts: {implicit: 0, pageLoad: 300000, script: 30000}, unhandledPromptBehavior: dismiss and notify}
Session ID: c99a185f-93c2-49fc-b9d6-c1815b99bbd6">
      <![CDATA[org.openqa.selenium.NoSuchSessionException: Tried to run command without establishing a connection
Build info: version: '4.14.0', revision: 'e5a96349ce'
System info: os.name: 'Windows 10', os.arch: 'amd64', os.version: '10.0', java.version: '17.0.8.1'
Driver info: org.openqa.selenium.firefox.FirefoxDriver
Command: [c99a185f-93c2-49fc-b9d6-c1815b99bbd6, close {}]
Capabilities {acceptInsecureCerts: true, browserName: firefox, browserVersion: 119.0, moz:accessibilityChecks: false, moz:buildID: 20231019122658, moz:debuggerAddress: 127.0.0.1:17196, moz:geckodriverVersion: 0.33.0, moz:headless: false, moz:platformVersion: 10.0, moz:processID: 7868, moz:profile: C:\Users\kprec\AppData\Loca..., moz:shutdownTimeout: 60000, moz:webdriverClick: true, moz:windowless: false, pageLoadStrategy: normal, platformName: windows, proxy: Proxy(), se:cdp: ws://127.0.0.1:17196/devtoo..., se:cdpVersion: 85.0, setWindowRect: true, strictFileInteractability: false, timeouts: {implicit: 0, pageLoad: 300000, script: 30000}, unhandledPromptBehavior: dismiss and notify}
Session ID: c99a185f-93c2-49fc-b9d6-c1815b99bbd6
	at org.openqa.selenium.remote.codec.w3c.W3CHttpResponseCodec.createException(W3CHttpResponseCodec.java:200)
	at org.openqa.selenium.remote.codec.w3c.W3CHttpResponseCodec.decode(W3CHttpResponseCodec.java:133)
	at org.openqa.selenium.remote.codec.w3c.W3CHttpResponseCodec.decode(W3CHttpResponseCodec.java:52)
	at org.openqa.selenium.remote.HttpCommandExecutor.execute(HttpCommandExecutor.java:191)
	at org.openqa.selenium.remote.service.DriverCommandExecutor.invokeExecute(DriverCommandExecutor.java:196)
	at org.openqa.selenium.remote.service.DriverCommandExecutor.execute(DriverCommandExecutor.java:171)
	at org.openqa.selenium.remote.RemoteWebDriver.execute(RemoteWebDriver.java:602)
	at org.openqa.selenium.remote.RemoteWebDriver.execute(RemoteWebDriver.java:675)
	at org.openqa.selenium.remote.RemoteWebDriver.execute(RemoteWebDriver.java:679)
	at org.openqa.selenium.remote.RemoteWebDriver.close(RemoteWebDriver.java:409)
	at Test_BonusTrack5b.setDown(Test_BonusTrack5b.java:87)
... Removed 28 stack frames]]>
    </failure>
  </testcase> <!-- @AfterTest setDown -->
  <testcase classname="Test_BonusTrack5b" name="crearUsuario" time="1.338">
    <failure type="org.openqa.selenium.NoSuchWindowException" message="Browsing context has been discarded
Build info: version: &amp;apos;4.14.0&amp;apos;, revision: &amp;apos;e5a96349ce&amp;apos;
System info: os.name: &amp;apos;Windows 10&amp;apos;, os.arch: &amp;apos;amd64&amp;apos;, os.version: &amp;apos;10.0&amp;apos;, java.version: &amp;apos;17.0.8.1&amp;apos;
Driver info: org.openqa.selenium.firefox.FirefoxDriver
Command: [c99a185f-93c2-49fc-b9d6-c1815b99bbd6, findElement {using=xpath, value=//body/div[@id=&amp;apos;app&amp;apos;]/div[1]/div[1]/aside[1]/nav[1]/div[2]/ul[1]/li[1]/a[1]}]
Capabilities {acceptInsecureCerts: true, browserName: firefox, browserVersion: 119.0, moz:accessibilityChecks: false, moz:buildID: 20231019122658, moz:debuggerAddress: 127.0.0.1:17196, moz:geckodriverVersion: 0.33.0, moz:headless: false, moz:platformVersion: 10.0, moz:processID: 7868, moz:profile: C:\Users\kprec\AppData\Loca..., moz:shutdownTimeout: 60000, moz:webdriverClick: true, moz:windowless: false, pageLoadStrategy: normal, platformName: windows, proxy: Proxy(), se:cdp: ws://127.0.0.1:17196/devtoo..., se:cdpVersion: 85.0, setWindowRect: true, strictFileInteractability: false, timeouts: {implicit: 0, pageLoad: 300000, script: 30000}, unhandledPromptBehavior: dismiss and notify}
Session ID: c99a185f-93c2-49fc-b9d6-c1815b99bbd6">
      <![CDATA[org.openqa.selenium.NoSuchWindowException: Browsing context has been discarded
Build info: version: '4.14.0', revision: 'e5a96349ce'
System info: os.name: 'Windows 10', os.arch: 'amd64', os.version: '10.0', java.version: '17.0.8.1'
Driver info: org.openqa.selenium.firefox.FirefoxDriver
Command: [c99a185f-93c2-49fc-b9d6-c1815b99bbd6, findElement {using=xpath, value=//body/div[@id='app']/div[1]/div[1]/aside[1]/nav[1]/div[2]/ul[1]/li[1]/a[1]}]
Capabilities {acceptInsecureCerts: true, browserName: firefox, browserVersion: 119.0, moz:accessibilityChecks: false, moz:buildID: 20231019122658, moz:debuggerAddress: 127.0.0.1:17196, moz:geckodriverVersion: 0.33.0, moz:headless: false, moz:platformVersion: 10.0, moz:processID: 7868, moz:profile: C:\Users\kprec\AppData\Loca..., moz:shutdownTimeout: 60000, moz:webdriverClick: true, moz:windowless: false, pageLoadStrategy: normal, platformName: windows, proxy: Proxy(), se:cdp: ws://127.0.0.1:17196/devtoo..., se:cdpVersion: 85.0, setWindowRect: true, strictFileInteractability: false, timeouts: {implicit: 0, pageLoad: 300000, script: 30000}, unhandledPromptBehavior: dismiss and notify}
Session ID: c99a185f-93c2-49fc-b9d6-c1815b99bbd6
	at org.openqa.selenium.remote.codec.w3c.W3CHttpResponseCodec.createException(W3CHttpResponseCodec.java:200)
	at org.openqa.selenium.remote.codec.w3c.W3CHttpResponseCodec.decode(W3CHttpResponseCodec.java:133)
	at org.openqa.selenium.remote.codec.w3c.W3CHttpResponseCodec.decode(W3CHttpResponseCodec.java:52)
	at org.openqa.selenium.remote.HttpCommandExecutor.execute(HttpCommandExecutor.java:191)
	at org.openqa.selenium.remote.service.DriverCommandExecutor.invokeExecute(DriverCommandExecutor.java:196)
	at org.openqa.selenium.remote.service.DriverCommandExecutor.execute(DriverCommandExecutor.java:171)
	at org.openqa.selenium.remote.RemoteWebDriver.execute(RemoteWebDriver.java:602)
	at org.openqa.selenium.remote.ElementLocation$ElementFinder$2.findElement(ElementLocation.java:165)
	at org.openqa.selenium.remote.ElementLocation.findElement(ElementLocation.java:59)
	at org.openqa.selenium.remote.RemoteWebDriver.findElement(RemoteWebDriver.java:359)
	at org.openqa.selenium.remote.RemoteWebDriver.findElement(RemoteWebDriver.java:353)
	at org.openqa.selenium.support.pagefactory.DefaultElementLocator.findElement(DefaultElementLocator.java:68)
	at org.openqa.selenium.support.pagefactory.AjaxElementLocator.access$001(AjaxElementLocator.java:38)
	at org.openqa.selenium.support.pagefactory.AjaxElementLocator$SlowLoadingElement.isLoaded(AjaxElementLocator.java:156)
	at org.openqa.selenium.support.ui.SlowLoadableComponent.get(SlowLoadableComponent.java:50)
	at org.openqa.selenium.support.pagefactory.AjaxElementLocator.findElement(AjaxElementLocator.java:86)
	at org.openqa.selenium.support.pagefactory.internal.LocatingElementHandler.invoke(LocatingElementHandler.java:38)
	at jdk.proxy2/jdk.proxy2.$Proxy15.click(Unknown Source)
	at paginas.paginaPrincipal.clickAdmin(paginaPrincipal.java:25)
	at Test_BonusTrack5b.crearUsuario(Test_BonusTrack5b.java:50)
... Removed 30 stack frames]]>
    </failure>
  </testcase> <!-- crearUsuario -->
  <testcase classname="Test_BonusTrack5b" name="crearUsuario" time="0.018">
    <failure type="org.openqa.selenium.WebDriverException" message="Failed to decode response from marionette
Build info: version: &amp;apos;4.14.0&amp;apos;, revision: &amp;apos;e5a96349ce&amp;apos;
System info: os.name: &amp;apos;Windows 10&amp;apos;, os.arch: &amp;apos;amd64&amp;apos;, os.version: &amp;apos;10.0&amp;apos;, java.version: &amp;apos;17.0.8.1&amp;apos;
Driver info: org.openqa.selenium.firefox.FirefoxDriver
Command: [c99a185f-93c2-49fc-b9d6-c1815b99bbd6, findElement {using=name, value=username}]
Capabilities {acceptInsecureCerts: true, browserName: firefox, browserVersion: 119.0, moz:accessibilityChecks: false, moz:buildID: 20231019122658, moz:debuggerAddress: 127.0.0.1:17196, moz:geckodriverVersion: 0.33.0, moz:headless: false, moz:platformVersion: 10.0, moz:processID: 7868, moz:profile: C:\Users\kprec\AppData\Loca..., moz:shutdownTimeout: 60000, moz:webdriverClick: true, moz:windowless: false, pageLoadStrategy: normal, platformName: windows, proxy: Proxy(), se:cdp: ws://127.0.0.1:17196/devtoo..., se:cdpVersion: 85.0, setWindowRect: true, strictFileInteractability: false, timeouts: {implicit: 0, pageLoad: 300000, script: 30000}, unhandledPromptBehavior: dismiss and notify}
Session ID: c99a185f-93c2-49fc-b9d6-c1815b99bbd6">
      <![CDATA[org.openqa.selenium.WebDriverException: Failed to decode response from marionette
Build info: version: '4.14.0', revision: 'e5a96349ce'
System info: os.name: 'Windows 10', os.arch: 'amd64', os.version: '10.0', java.version: '17.0.8.1'
Driver info: org.openqa.selenium.firefox.FirefoxDriver
Command: [c99a185f-93c2-49fc-b9d6-c1815b99bbd6, findElement {using=name, value=username}]
Capabilities {acceptInsecureCerts: true, browserName: firefox, browserVersion: 119.0, moz:accessibilityChecks: false, moz:buildID: 20231019122658, moz:debuggerAddress: 127.0.0.1:17196, moz:geckodriverVersion: 0.33.0, moz:headless: false, moz:platformVersion: 10.0, moz:processID: 7868, moz:profile: C:\Users\kprec\AppData\Loca..., moz:shutdownTimeout: 60000, moz:webdriverClick: true, moz:windowless: false, pageLoadStrategy: normal, platformName: windows, proxy: Proxy(), se:cdp: ws://127.0.0.1:17196/devtoo..., se:cdpVersion: 85.0, setWindowRect: true, strictFileInteractability: false, timeouts: {implicit: 0, pageLoad: 300000, script: 30000}, unhandledPromptBehavior: dismiss and notify}
Session ID: c99a185f-93c2-49fc-b9d6-c1815b99bbd6
	at org.openqa.selenium.remote.codec.w3c.W3CHttpResponseCodec.createException(W3CHttpResponseCodec.java:200)
	at org.openqa.selenium.remote.codec.w3c.W3CHttpResponseCodec.decode(W3CHttpResponseCodec.java:133)
	at org.openqa.selenium.remote.codec.w3c.W3CHttpResponseCodec.decode(W3CHttpResponseCodec.java:52)
	at org.openqa.selenium.remote.HttpCommandExecutor.execute(HttpCommandExecutor.java:191)
	at org.openqa.selenium.remote.service.DriverCommandExecutor.invokeExecute(DriverCommandExecutor.java:196)
	at org.openqa.selenium.remote.service.DriverCommandExecutor.execute(DriverCommandExecutor.java:171)
	at org.openqa.selenium.remote.RemoteWebDriver.execute(RemoteWebDriver.java:602)
	at org.openqa.selenium.remote.ElementLocation$ElementFinder$2.findElement(ElementLocation.java:165)
	at org.openqa.selenium.remote.ElementLocation.findElement(ElementLocation.java:59)
	at org.openqa.selenium.remote.RemoteWebDriver.findElement(RemoteWebDriver.java:359)
	at org.openqa.selenium.remote.RemoteWebDriver.findElement(RemoteWebDriver.java:353)
	at org.openqa.selenium.support.pagefactory.DefaultElementLocator.findElement(DefaultElementLocator.java:68)
	at org.openqa.selenium.support.pagefactory.AjaxElementLocator.access$001(AjaxElementLocator.java:38)
	at org.openqa.selenium.support.pagefactory.AjaxElementLocator$SlowLoadingElement.isLoaded(AjaxElementLocator.java:156)
	at org.openqa.selenium.support.ui.SlowLoadableComponent.get(SlowLoadableComponent.java:50)
	at org.openqa.selenium.support.pagefactory.AjaxElementLocator.findElement(AjaxElementLocator.java:86)
	at org.openqa.selenium.support.pagefactory.internal.LocatingElementHandler.invoke(LocatingElementHandler.java:38)
	at jdk.proxy2/jdk.proxy2.$Proxy15.sendKeys(Unknown Source)
	at paginas.paginaLogin.setUsername(paginaLogin.java:26)
	at Test_BonusTrack5b.crearUsuario(Test_BonusTrack5b.java:45)
... Removed 30 stack frames]]>
    </failure>
  </testcase> <!-- crearUsuario -->
  <testcase classname="Test_BonusTrack5b" name="editarDatos" time="5.007">
    <failure type="org.openqa.selenium.NoSuchSessionException" message="Tried to run command without establishing a connection
Build info: version: &amp;apos;4.14.0&amp;apos;, revision: &amp;apos;e5a96349ce&amp;apos;
System info: os.name: &amp;apos;Windows 10&amp;apos;, os.arch: &amp;apos;amd64&amp;apos;, os.version: &amp;apos;10.0&amp;apos;, java.version: &amp;apos;17.0.8.1&amp;apos;
Driver info: org.openqa.selenium.firefox.FirefoxDriver
Command: [c99a185f-93c2-49fc-b9d6-c1815b99bbd6, findElement {using=xpath, value=//*[@id=&amp;quot;app&amp;quot;]/div[1]/div[2]/div[2]/div/div[2]/div[3]/div/div[2]/div[2]/div/div[6]/div/button[2]}]
Capabilities {acceptInsecureCerts: true, browserName: firefox, browserVersion: 119.0, moz:accessibilityChecks: false, moz:buildID: 20231019122658, moz:debuggerAddress: 127.0.0.1:17196, moz:geckodriverVersion: 0.33.0, moz:headless: false, moz:platformVersion: 10.0, moz:processID: 7868, moz:profile: C:\Users\kprec\AppData\Loca..., moz:shutdownTimeout: 60000, moz:webdriverClick: true, moz:windowless: false, pageLoadStrategy: normal, platformName: windows, proxy: Proxy(), se:cdp: ws://127.0.0.1:17196/devtoo..., se:cdpVersion: 85.0, setWindowRect: true, strictFileInteractability: false, timeouts: {implicit: 0, pageLoad: 300000, script: 30000}, unhandledPromptBehavior: dismiss and notify}
Session ID: c99a185f-93c2-49fc-b9d6-c1815b99bbd6">
      <![CDATA[org.openqa.selenium.NoSuchSessionException: Tried to run command without establishing a connection
Build info: version: '4.14.0', revision: 'e5a96349ce'
System info: os.name: 'Windows 10', os.arch: 'amd64', os.version: '10.0', java.version: '17.0.8.1'
Driver info: org.openqa.selenium.firefox.FirefoxDriver
Command: [c99a185f-93c2-49fc-b9d6-c1815b99bbd6, findElement {using=xpath, value=//*[@id="app"]/div[1]/div[2]/div[2]/div/div[2]/div[3]/div/div[2]/div[2]/div/div[6]/div/button[2]}]
Capabilities {acceptInsecureCerts: true, browserName: firefox, browserVersion: 119.0, moz:accessibilityChecks: false, moz:buildID: 20231019122658, moz:debuggerAddress: 127.0.0.1:17196, moz:geckodriverVersion: 0.33.0, moz:headless: false, moz:platformVersion: 10.0, moz:processID: 7868, moz:profile: C:\Users\kprec\AppData\Loca..., moz:shutdownTimeout: 60000, moz:webdriverClick: true, moz:windowless: false, pageLoadStrategy: normal, platformName: windows, proxy: Proxy(), se:cdp: ws://127.0.0.1:17196/devtoo..., se:cdpVersion: 85.0, setWindowRect: true, strictFileInteractability: false, timeouts: {implicit: 0, pageLoad: 300000, script: 30000}, unhandledPromptBehavior: dismiss and notify}
Session ID: c99a185f-93c2-49fc-b9d6-c1815b99bbd6
	at org.openqa.selenium.remote.codec.w3c.W3CHttpResponseCodec.createException(W3CHttpResponseCodec.java:200)
	at org.openqa.selenium.remote.codec.w3c.W3CHttpResponseCodec.decode(W3CHttpResponseCodec.java:133)
	at org.openqa.selenium.remote.codec.w3c.W3CHttpResponseCodec.decode(W3CHttpResponseCodec.java:52)
	at org.openqa.selenium.remote.HttpCommandExecutor.execute(HttpCommandExecutor.java:191)
	at org.openqa.selenium.remote.service.DriverCommandExecutor.invokeExecute(DriverCommandExecutor.java:196)
	at org.openqa.selenium.remote.service.DriverCommandExecutor.execute(DriverCommandExecutor.java:171)
	at org.openqa.selenium.remote.RemoteWebDriver.execute(RemoteWebDriver.java:602)
	at org.openqa.selenium.remote.ElementLocation$ElementFinder$2.findElement(ElementLocation.java:165)
	at org.openqa.selenium.remote.ElementLocation.findElement(ElementLocation.java:59)
	at org.openqa.selenium.remote.RemoteWebDriver.findElement(RemoteWebDriver.java:359)
	at org.openqa.selenium.remote.RemoteWebDriver.findElement(RemoteWebDriver.java:353)
	at Test_BonusTrack5b.editarDatos(Test_BonusTrack5b.java:66)
... Removed 30 stack frames]]>
    </failure>
  </testcase> <!-- editarDatos -->
</testsuite> <!-- PruebaFirefox -->
