<?xml version="1.0" encoding="UTF-8"?>
<testsuite xmlns:xsi="http://www.w3.org/2001/XMLSchema-instance" xsi:noNamespaceSchemaLocation="https://maven.apache.org/surefire/maven-surefire-plugin/xsd/surefire-test-report.xsd" name="TestSuite" time="98.284" tests="11" errors="0" skipped="10" failures="1">
  <properties>
[...]
</properties>
  <testcase name="setUp" classname="pruebas.Test_BonusTrack4b" time="75.778">
    <failure message="&#10;Parameter &apos;navegador&apos; is required by BeforeTest on method setUp but has not been marked @Optional or defined&#10;" type="org.testng.TestNGException">org.testng.TestNGException: 

Parameter 'navegador' is required by BeforeTest on method setUp but has not been marked @Optional or defined

</failure>
    <system-err><![CDATA[SLF4J: Failed to load class "org.slf4j.impl.StaticLoggerBinder".
SLF4J: Defaulting to no-operation (NOP) logger implementation
SLF4J: See http://www.slf4j.org/codes.html#StaticLoggerBinder for further details.
nov. 09, 2023 11:23:09 A. M. org.openqa.selenium.devtools.CdpVersionFinder findNearestMatch
WARNING: Unable to find an exact match for CDP version 119, returning the closest version; found: 118; Please update to a Selenium version that supports CDP version 119
nov. 09, 2023 11:23:36 A. M. org.openqa.selenium.devtools.CdpVersionFinder findNearestMatch
WARNING: Unable to find an exact match for CDP version 119, returning the closest version; found: 118; Please update to a Selenium version that supports CDP version 119
]]></system-err>
  </testcase>
  <testcase name="crearUsuario" classname="pruebas.Test_BonusTrack4b" time="0">
    <skipped message="&#10;Parameter &apos;navegador&apos; is required by BeforeTest on method setUp but has not been marked @Optional or defined&#10;"/>
  </testcase>
  <testcase name="ChromeDriver" classname="Test_BonusTrack1b" time="0">
    <skipped message="&#10;Parameter &apos;navegador&apos; is required by BeforeTest on method setUp but has not been marked @Optional or defined&#10;"/>
  </testcase>
  <testcase name="IngresoUsuario" classname="Test_BonusTrack2b" time="0">
    <skipped message="&#10;Parameter &apos;navegador&apos; is required by BeforeTest on method setUp but has not been marked @Optional or defined&#10;"/>
  </testcase>
  <testcase name="IngresoUsuario" classname="Test_BonusTrack3b" time="0">
    <skipped message="&#10;Parameter &apos;navegador&apos; is required by BeforeTest on method setUp but has not been marked @Optional or defined&#10;"/>
  </testcase>
  <testcase name="crearUsuario" classname="Test_BonusTrack5b" time="0">
    <skipped message="&#10;Parameter &apos;navegador&apos; is required by BeforeTest on method setUp but has not been marked @Optional or defined&#10;"/>
    <system-out><![CDATA[Hoja1
]]></system-out>
    <system-err><![CDATA[ERROR StatusLogger Log4j2 could not find a logging implementation. Please add log4j-core to the classpath. Using SimpleLogger to log to the console...
]]></system-err>
  </testcase>
  <testcase name="crearUsuario" classname="Test_BonusTrack5b" time="0">
    <skipped message="&#10;Parameter &apos;navegador&apos; is required by BeforeTest on method setUp but has not been marked @Optional or defined&#10;"/>
  </testcase>
  <testcase name="editarDatos" classname="Test_BonusTrack5b" time="0">
    <skipped message="&#10;Parameter &apos;navegador&apos; is required by BeforeTest on method setUp but has not been marked @Optional or defined&#10;"/>
  </testcase>
  <testcase name="setDown" classname="Test_BonusTrack5b" time="0">
    <skipped/>
  </testcase>
  <testcase name="setDown" classname="pruebas.Test_BonusTrack4b" time="0">
    <skipped/>
  </testcase>
  <testcase name="setDown" classname="Test_BonusTrack3b" time="0">
    <skipped/>
  </testcase>
</testsuite>